<?xml version="1.0" encoding="UTF-8" ?>
<testsuite failures="0" time="1.825" errors="0" skipped="0" tests="1" name="com.baidu.disconf.web.test.utils.CodeUtilsTestCase">
  <properties>
    <property name="java.runtime.name" value="Java(TM) SE Runtime Environment"/>
    <property name="sun.boot.library.path" value="D:\devTools\Java\jdk1.7.0_60\jre\bin"/>
    <property name="java.vm.version" value="24.60-b09"/>
    <property name="java.vm.vendor" value="Oracle Corporation"/>
    <property name="java.vendor.url" value="http://java.oracle.com/"/>
    <property name="path.separator" value=";"/>
    <property name="java.vm.name" value="Java HotSpot(TM) 64-Bit Server VM"/>
    <property name="file.encoding.pkg" value="sun.io"/>
    <property name="user.script" value=""/>
    <property name="user.country" value="CN"/>
    <property name="sun.java.launcher" value="SUN_STANDARD"/>
    <property name="sun.os.patch.level" value="Service Pack 1"/>
    <property name="java.vm.specification.name" value="Java Virtual Machine Specification"/>
    <property name="user.dir" value="D:\devTools\eclipse-personal\workspace\disconf-master\disconf-web"/>
    <property name="java.runtime.version" value="1.7.0_60-b19"/>
    <property name="java.awt.graphicsenv" value="sun.awt.Win32GraphicsEnvironment"/>
    <property name="basedir" value="D:\devTools\eclipse-personal\workspace\disconf-master\disconf-web"/>
    <property name="java.endorsed.dirs" value="D:\devTools\Java\jdk1.7.0_60\jre\lib\endorsed"/>
    <property name="os.arch" value="amd64"/>
    <property name="surefire.real.class.path" value="C:\Users\ADMINI~1\AppData\Local\Temp\surefirebooter7804024744979869049.jar"/>
    <property name="java.io.tmpdir" value="C:\Users\ADMINI~1\AppData\Local\Temp\"/>
    <property name="line.separator" value="
"/>
    <property name="java.vm.specification.vendor" value="Oracle Corporation"/>
    <property name="user.variant" value=""/>
    <property name="os.name" value="Windows 7"/>
    <property name="sun.jnu.encoding" value="GBK"/>
    <property name="java.library.path" value="D:\devTools\Java\jdk1.7.0_60\jre\bin;C:\Windows\Sun\Java\bin;C:\Windows\system32;C:\Windows;C:\Windows\system32;C:\Windows;C:\Windows\System32\Wbem;C:\Windows\System32\WindowsPowerShell\v1.0\;C:\Program Files (x86)\ATI Technologies\ATI.ACE\Core-Static;D:\Program Files\TortoiseSVN\bin;C:\Program Files\MySQL\MySQL Server 5.5\bin;D:\devTools\Java\jdk1.7.0_60\bin;D:\devTools\apache-maven-3.0.5\bin;;."/>
    <property name="surefire.test.class.path" value="D:\devTools\eclipse-personal\workspace\disconf-master\disconf-web\target\test-classes;D:\devTools\eclipse-personal\workspace\disconf-master\disconf-web\target\classes;D:\devTools\repository\com\baidu\disconf\disconf-core\2.6.31\disconf-core-2.6.31.jar;D:\devTools\repository\com\google\guava\guava\19.0-rc2\guava-19.0-rc2.jar;D:\devTools\repository\org\apache\httpcomponents\httpclient\4.5.1\httpclient-4.5.1.jar;D:\devTools\repository\org\apache\httpcomponents\httpcore\4.4.3\httpcore-4.4.3.jar;D:\devTools\repository\org\springframework\amqp\spring-amqp\1.4.5.RELEASE\spring-amqp-1.4.5.RELEASE.jar;D:\devTools\repository\org\springframework\amqp\spring-rabbit\1.4.5.RELEASE\spring-rabbit-1.4.5.RELEASE.jar;D:\devTools\repository\com\rabbitmq\amqp-client\3.5.1\amqp-client-3.5.1.jar;D:\devTools\repository\org\springframework\retry\spring-retry\1.1.2.RELEASE\spring-retry-1.1.2.RELEASE.jar;D:\devTools\repository\org\springframework\spring-beans\4.1.7.RELEASE\spring-beans-4.1.7.RELEASE.jar;D:\devTools\repository\org\springframework\spring-jdbc\4.1.7.RELEASE\spring-jdbc-4.1.7.RELEASE.jar;D:\devTools\repository\org\springframework\spring-core\4.1.7.RELEASE\spring-core-4.1.7.RELEASE.jar;D:\devTools\repository\commons-logging\commons-logging\1.0.4\commons-logging-1.0.4.jar;D:\devTools\repository\org\springframework\spring-webmvc\4.1.7.RELEASE\spring-webmvc-4.1.7.RELEASE.jar;D:\devTools\repository\org\springframework\spring-expression\4.1.7.RELEASE\spring-expression-4.1.7.RELEASE.jar;D:\devTools\repository\org\springframework\spring-web\4.1.7.RELEASE\spring-web-4.1.7.RELEASE.jar;D:\devTools\repository\org\springframework\spring-context\4.1.7.RELEASE\spring-context-4.1.7.RELEASE.jar;D:\devTools\repository\org\springframework\spring-context-support\4.1.7.RELEASE\spring-context-support-4.1.7.RELEASE.jar;D:\devTools\repository\org\springframework\spring-tx\4.1.7.RELEASE\spring-tx-4.1.7.RELEASE.jar;D:\devTools\repository\org\springframework\spring-aop\4.1.7.RELEASE\spring-aop-4.1.7.RELEASE.jar;D:\devTools\repository\aopalliance\aopalliance\1.0\aopalliance-1.0.jar;D:\devTools\repository\com\github\knightliao\apollo\apollo\1.0.12\apollo-1.0.12.jar;D:\devTools\repository\org\apache\commons\commons-compress\1.7\commons-compress-1.7.jar;D:\devTools\repository\org\tukaani\xz\1.4\xz-1.4.jar;D:\devTools\repository\org\apache\zookeeper\zookeeper\3.3.6\zookeeper-3.3.6.jar;D:\devTools\repository\jline\jline\0.9.94\jline-0.9.94.jar;D:\devTools\repository\com\google\code\gson\gson\2.2.4\gson-2.2.4.jar;D:\devTools\repository\com\googlecode\java-diff-utils\diffutils\1.3.0\diffutils-1.3.0.jar;D:\devTools\repository\mysql\mysql-connector-java\5.1.6\mysql-connector-java-5.1.6.jar;D:\devTools\repository\net\sf\ehcache\ehcache\2.7.4\ehcache-2.7.4.jar;D:\devTools\repository\commons-pool\commons-pool\1.4\commons-pool-1.4.jar;D:\devTools\repository\redis\clients\jedis\2.1.0\jedis-2.1.0.jar;D:\devTools\repository\javax\validation\validation-api\1.1.0.Final\validation-api-1.1.0.Final.jar;D:\devTools\repository\javax\mail\mail\1.4.7\mail-1.4.7.jar;D:\devTools\repository\javax\activation\activation\1.1\activation-1.1.jar;D:\devTools\repository\javax\annotation\javax.annotation-api\1.2\javax.annotation-api-1.2.jar;D:\devTools\repository\c3p0\c3p0\0.9.1.2\c3p0-0.9.1.2.jar;D:\devTools\repository\commons-beanutils\commons-beanutils\1.6\commons-beanutils-1.6.jar;D:\devTools\repository\commons-collections\commons-collections\3.2\commons-collections-3.2.jar;D:\devTools\repository\org\aspectj\aspectjtools\1.7.4\aspectjtools-1.7.4.jar;D:\devTools\repository\commons-codec\commons-codec\1.9\commons-codec-1.9.jar;D:\devTools\repository\org\projectlombok\lombok\1.14.4\lombok-1.14.4.jar;D:\devTools\repository\org\aspectj\aspectjweaver\1.7.4\aspectjweaver-1.7.4.jar;D:\devTools\repository\org\hibernate\hibernate-validator\5.0.1.Final\hibernate-validator-5.0.1.Final.jar;D:\devTools\repository\org\jboss\logging\jboss-logging\3.1.1.GA\jboss-logging-3.1.1.GA.jar;D:\devTools\repository\com\fasterxml\classmate\0.8.0\classmate-0.8.0.jar;D:\devTools\repository\cglib\cglib\2.2.2\cglib-2.2.2.jar;D:\devTools\repository\asm\asm\3.3.1\asm-3.3.1.jar;D:\devTools\repository\commons-io\commons-io\1.4\commons-io-1.4.jar;D:\devTools\repository\com\fasterxml\jackson\core\jackson-core\2.6.0\jackson-core-2.6.0.jar;D:\devTools\repository\com\fasterxml\jackson\core\jackson-databind\2.6.0\jackson-databind-2.6.0.jar;D:\devTools\repository\com\fasterxml\jackson\core\jackson-annotations\2.6.0\jackson-annotations-2.6.0.jar;D:\devTools\repository\commons-fileupload\commons-fileupload\1.2.1\commons-fileupload-1.2.1.jar;D:\devTools\repository\org\freemarker\freemarker\2.3.20\freemarker-2.3.20.jar;D:\devTools\repository\commons-lang\commons-lang\2.4\commons-lang-2.4.jar;D:\devTools\repository\javax\servlet\servlet-api\2.5\servlet-api-2.5.jar;D:\devTools\repository\log4j\log4j\1.2.14\log4j-1.2.14.jar;D:\devTools\repository\ch\qos\logback\logback-core\1.0.9\logback-core-1.0.9.jar;D:\devTools\repository\ch\qos\logback\logback-classic\1.0.9\logback-classic-1.0.9.jar;D:\devTools\repository\org\slf4j\slf4j-api\1.7.6\slf4j-api-1.7.6.jar;D:\devTools\repository\org\springframework\spring-test\4.1.7.RELEASE\spring-test-4.1.7.RELEASE.jar;D:\devTools\repository\com\h2database\h2\1.3.174\h2-1.3.174.jar;D:\devTools\repository\junit\junit\4.10\junit-4.10.jar;D:\devTools\repository\org\hamcrest\hamcrest-core\1.1\hamcrest-core-1.1.jar;"/>
    <property name="java.specification.name" value="Java Platform API Specification"/>
    <property name="java.class.version" value="51.0"/>
    <property name="sun.management.compiler" value="HotSpot 64-Bit Tiered Compilers"/>
    <property name="os.version" value="6.1"/>
    <property name="user.home" value="C:\Users\Administrator"/>
    <property name="user.timezone" value="Asia/Shanghai"/>
    <property name="java.awt.printerjob" value="sun.awt.windows.WPrinterJob"/>
    <property name="java.specification.version" value="1.7"/>
    <property name="file.encoding" value="UTF-8"/>
    <property name="user.name" value="Administrator"/>
    <property name="java.class.path" value="D:\devTools\eclipse-personal\workspace\disconf-master\disconf-web\target\test-classes;D:\devTools\eclipse-personal\workspace\disconf-master\disconf-web\target\classes;D:\devTools\repository\com\baidu\disconf\disconf-core\2.6.31\disconf-core-2.6.31.jar;D:\devTools\repository\com\google\guava\guava\19.0-rc2\guava-19.0-rc2.jar;D:\devTools\repository\org\apache\httpcomponents\httpclient\4.5.1\httpclient-4.5.1.jar;D:\devTools\repository\org\apache\httpcomponents\httpcore\4.4.3\httpcore-4.4.3.jar;D:\devTools\repository\org\springframework\amqp\spring-amqp\1.4.5.RELEASE\spring-amqp-1.4.5.RELEASE.jar;D:\devTools\repository\org\springframework\amqp\spring-rabbit\1.4.5.RELEASE\spring-rabbit-1.4.5.RELEASE.jar;D:\devTools\repository\com\rabbitmq\amqp-client\3.5.1\amqp-client-3.5.1.jar;D:\devTools\repository\org\springframework\retry\spring-retry\1.1.2.RELEASE\spring-retry-1.1.2.RELEASE.jar;D:\devTools\repository\org\springframework\spring-beans\4.1.7.RELEASE\spring-beans-4.1.7.RELEASE.jar;D:\devTools\repository\org\springframework\spring-jdbc\4.1.7.RELEASE\spring-jdbc-4.1.7.RELEASE.jar;D:\devTools\repository\org\springframework\spring-core\4.1.7.RELEASE\spring-core-4.1.7.RELEASE.jar;D:\devTools\repository\commons-logging\commons-logging\1.0.4\commons-logging-1.0.4.jar;D:\devTools\repository\org\springframework\spring-webmvc\4.1.7.RELEASE\spring-webmvc-4.1.7.RELEASE.jar;D:\devTools\repository\org\springframework\spring-expression\4.1.7.RELEASE\spring-expression-4.1.7.RELEASE.jar;D:\devTools\repository\org\springframework\spring-web\4.1.7.RELEASE\spring-web-4.1.7.RELEASE.jar;D:\devTools\repository\org\springframework\spring-context\4.1.7.RELEASE\spring-context-4.1.7.RELEASE.jar;D:\devTools\repository\org\springframework\spring-context-support\4.1.7.RELEASE\spring-context-support-4.1.7.RELEASE.jar;D:\devTools\repository\org\springframework\spring-tx\4.1.7.RELEASE\spring-tx-4.1.7.RELEASE.jar;D:\devTools\repository\org\springframework\spring-aop\4.1.7.RELEASE\spring-aop-4.1.7.RELEASE.jar;D:\devTools\repository\aopalliance\aopalliance\1.0\aopalliance-1.0.jar;D:\devTools\repository\com\github\knightliao\apollo\apollo\1.0.12\apollo-1.0.12.jar;D:\devTools\repository\org\apache\commons\commons-compress\1.7\commons-compress-1.7.jar;D:\devTools\repository\org\tukaani\xz\1.4\xz-1.4.jar;D:\devTools\repository\org\apache\zookeeper\zookeeper\3.3.6\zookeeper-3.3.6.jar;D:\devTools\repository\jline\jline\0.9.94\jline-0.9.94.jar;D:\devTools\repository\com\google\code\gson\gson\2.2.4\gson-2.2.4.jar;D:\devTools\repository\com\googlecode\java-diff-utils\diffutils\1.3.0\diffutils-1.3.0.jar;D:\devTools\repository\mysql\mysql-connector-java\5.1.6\mysql-connector-java-5.1.6.jar;D:\devTools\repository\net\sf\ehcache\ehcache\2.7.4\ehcache-2.7.4.jar;D:\devTools\repository\commons-pool\commons-pool\1.4\commons-pool-1.4.jar;D:\devTools\repository\redis\clients\jedis\2.1.0\jedis-2.1.0.jar;D:\devTools\repository\javax\validation\validation-api\1.1.0.Final\validation-api-1.1.0.Final.jar;D:\devTools\repository\javax\mail\mail\1.4.7\mail-1.4.7.jar;D:\devTools\repository\javax\activation\activation\1.1\activation-1.1.jar;D:\devTools\repository\javax\annotation\javax.annotation-api\1.2\javax.annotation-api-1.2.jar;D:\devTools\repository\c3p0\c3p0\0.9.1.2\c3p0-0.9.1.2.jar;D:\devTools\repository\commons-beanutils\commons-beanutils\1.6\commons-beanutils-1.6.jar;D:\devTools\repository\commons-collections\commons-collections\3.2\commons-collections-3.2.jar;D:\devTools\repository\org\aspectj\aspectjtools\1.7.4\aspectjtools-1.7.4.jar;D:\devTools\repository\commons-codec\commons-codec\1.9\commons-codec-1.9.jar;D:\devTools\repository\org\projectlombok\lombok\1.14.4\lombok-1.14.4.jar;D:\devTools\repository\org\aspectj\aspectjweaver\1.7.4\aspectjweaver-1.7.4.jar;D:\devTools\repository\org\hibernate\hibernate-validator\5.0.1.Final\hibernate-validator-5.0.1.Final.jar;D:\devTools\repository\org\jboss\logging\jboss-logging\3.1.1.GA\jboss-logging-3.1.1.GA.jar;D:\devTools\repository\com\fasterxml\classmate\0.8.0\classmate-0.8.0.jar;D:\devTools\repository\cglib\cglib\2.2.2\cglib-2.2.2.jar;D:\devTools\repository\asm\asm\3.3.1\asm-3.3.1.jar;D:\devTools\repository\commons-io\commons-io\1.4\commons-io-1.4.jar;D:\devTools\repository\com\fasterxml\jackson\core\jackson-core\2.6.0\jackson-core-2.6.0.jar;D:\devTools\repository\com\fasterxml\jackson\core\jackson-databind\2.6.0\jackson-databind-2.6.0.jar;D:\devTools\repository\com\fasterxml\jackson\core\jackson-annotations\2.6.0\jackson-annotations-2.6.0.jar;D:\devTools\repository\commons-fileupload\commons-fileupload\1.2.1\commons-fileupload-1.2.1.jar;D:\devTools\repository\org\freemarker\freemarker\2.3.20\freemarker-2.3.20.jar;D:\devTools\repository\commons-lang\commons-lang\2.4\commons-lang-2.4.jar;D:\devTools\repository\javax\servlet\servlet-api\2.5\servlet-api-2.5.jar;D:\devTools\repository\log4j\log4j\1.2.14\log4j-1.2.14.jar;D:\devTools\repository\ch\qos\logback\logback-core\1.0.9\logback-core-1.0.9.jar;D:\devTools\repository\ch\qos\logback\logback-classic\1.0.9\logback-classic-1.0.9.jar;D:\devTools\repository\org\slf4j\slf4j-api\1.7.6\slf4j-api-1.7.6.jar;D:\devTools\repository\org\springframework\spring-test\4.1.7.RELEASE\spring-test-4.1.7.RELEASE.jar;D:\devTools\repository\com\h2database\h2\1.3.174\h2-1.3.174.jar;D:\devTools\repository\junit\junit\4.10\junit-4.10.jar;D:\devTools\repository\org\hamcrest\hamcrest-core\1.1\hamcrest-core-1.1.jar;"/>
    <property name="java.vm.specification.version" value="1.7"/>
    <property name="sun.arch.data.model" value="64"/>
    <property name="java.home" value="D:\devTools\Java\jdk1.7.0_60\jre"/>
    <property name="sun.java.command" value="C:\Users\ADMINI~1\AppData\Local\Temp\surefirebooter7804024744979869049.jar C:\Users\ADMINI~1\AppData\Local\Temp\surefire5265021996948713209tmp C:\Users\ADMINI~1\AppData\Local\Temp\surefire6797359825386406872tmp"/>
    <property name="java.specification.vendor" value="Oracle Corporation"/>
    <property name="user.language" value="zh"/>
    <property name="awt.toolkit" value="sun.awt.windows.WToolkit"/>
    <property name="java.vm.info" value="mixed mode"/>
    <property name="java.version" value="1.7.0_60"/>
    <property name="java.ext.dirs" value="D:\devTools\Java\jdk1.7.0_60\jre\lib\ext;C:\Windows\Sun\Java\lib\ext"/>
    <property name="sun.boot.class.path" value="D:\devTools\Java\jdk1.7.0_60\jre\lib\resources.jar;D:\devTools\Java\jdk1.7.0_60\jre\lib\rt.jar;D:\devTools\Java\jdk1.7.0_60\jre\lib\sunrsasign.jar;D:\devTools\Java\jdk1.7.0_60\jre\lib\jsse.jar;D:\devTools\Java\jdk1.7.0_60\jre\lib\jce.jar;D:\devTools\Java\jdk1.7.0_60\jre\lib\charsets.jar;D:\devTools\Java\jdk1.7.0_60\jre\lib\jfr.jar;D:\devTools\Java\jdk1.7.0_60\jre\classes"/>
    <property name="java.vendor" value="Oracle Corporation"/>
    <property name="localRepository" value="D:\devTools\repository"/>
    <property name="file.separator" value="\"/>
    <property name="java.vendor.url.bug" value="http://bugreport.sun.com/bugreport/"/>
    <property name="sun.cpu.endian" value="little"/>
    <property name="sun.io.unicode.encoding" value="UnicodeLittle"/>
    <property name="sun.desktop" value="windows"/>
    <property name="sun.cpu.isalist" value="amd64"/>
  </properties>
  <testcase time="1.723" classname="com.baidu.disconf.web.test.utils.CodeUtilsTestCase" name="unicodeToUtf8Test"/>
</testsuite>